<?xml version="1.0" encoding="UTF-8"?>
<!-- Generated by org.testng.reporters.JUnitReportReporter -->
<testsuite hostname="GBMAG005" failures="0" tests="1" name="in.Restassured.pages.GETsDemo" time="1.167" errors="0" timestamp="2023-08-24T15:45:34 IST" skipped="0">
  <testcase classname="in.Restassured.pages.GETsDemo" name="getServerResponse" time="1.167"/>
  <system-out/>
</testsuite> <!-- in.Restassured.pages.GETsDemo -->
