<?xml version="1.0" encoding="UTF-8"?>
<!-- Generated by org.testng.reporters.JUnitReportReporter -->
<testsuite hostname="GBMAG005" failures="0" tests="1" name="in.Restassured.pages.POSTDemo" time="1.156" errors="0" timestamp="2023-08-24T15:50:03 IST" skipped="0">
  <testcase classname="in.Restassured.pages.POSTDemo" name="getServerResponse" time="1.156"/>
  <system-out/>
</testsuite> <!-- in.Restassured.pages.POSTDemo -->
