<?xml version="1.0" encoding="UTF-8"?>
<!-- Generated by org.testng.reporters.JUnitReportReporter -->
<testsuite hostname="GBMAG005" failures="0" tests="3" name="in.Restassured.pages.sportyshoes" time="1.609" errors="0" timestamp="2023-08-24T17:28:47 IST" skipped="0">
  <testcase classname="in.Restassured.pages.sportyshoes" name="verifyResource" time="1.474"/>
  <system-out/>
  <testcase classname="in.Restassured.pages.sportyshoes" name="verifyResource1" time="0.063"/>
  <system-out/>
  <testcase classname="in.Restassured.pages.sportyshoes" name="verifyResource2" time="0.072"/>
  <system-out/>
</testsuite> <!-- in.Restassured.pages.sportyshoes -->
